/home/ftechiz/Documents/Neha/factom/factom-php (2)/src/Factom/Api/Transaction.php:19: warning: Compound Factom::Api::Transaction is not documented.
/home/ftechiz/Documents/Neha/factom/factom-php (2)/src/Factom/Api/Errorhandling.php:5: warning: Compound Factom::Api::Errorhandling is not documented.
/home/ftechiz/Documents/Neha/factom/factom-php (2)/src/Factom/Api/Factomd.php:17: warning: Compound Factom::Api::Factomd is not documented.
/home/ftechiz/Documents/Neha/factom/factom-php (2)/src/lib/jsonRpcClient.php:2: warning: Compound jsonRPCClient is not documented.
/home/ftechiz/Documents/Neha/factom/factom-php (2)/src/Factom/Api/Security.php:17: warning: Compound Factom::Api::Security is not documented.
/home/ftechiz/Documents/Neha/factom/factom-php (2)/src/Factom/Api/Chains.php:10: warning: Compound Factom::Api::Chains is not documented.
/home/ftechiz/Documents/Neha/factom/factom-php (2)/src/Factom/Api/Pending.php:17: warning: Compound Factom::Api::Pending is not documented.
/home/ftechiz/Documents/Neha/factom/factom-php (2)/src/Factom/Api/Entry.php:18: warning: Compound Factom::Api::Entry is not documented.
/home/ftechiz/Documents/Neha/factom/factom-php (2)/src/Factom/Api/FactomWalletd.php:19: warning: Compound Factom::Api::FactomWalletd is not documented.
/home/ftechiz/Documents/Neha/factom/factom-php (2)/src/Factom/Api/Minute.php:17: warning: Compound Factom::Api::Minute is not documented.
/home/ftechiz/Documents/Neha/factom/factom-php (2)/src/Factom/Api/Commits.php:17: warning: Compound Factom::Api::Commits is not documented.
/home/ftechiz/Documents/Neha/factom/factom-php (2)/src/Factom/Api/Blocks.php:9: warning: Compound Factom::Api::Blocks is not documented.
/home/ftechiz/Documents/Neha/factom/factom-php (2)/src/Factom/Api/Factoid.php:17: warning: Compound Factom::Api::Factoid is not documented.
/home/ftechiz/Documents/Neha/factom/factom-php (2)/src/Factom/Api/FactomAddress.php:17: warning: Compound Factom::Api::FactomAddress is not documented.
/home/ftechiz/Documents/Neha/factom/factom-php (2)/src/Factom/Api/Debug.php:17: warning: Compound Factom::Api::Debug is not documented.
/home/ftechiz/Documents/Neha/factom/factom-php (2)/src/lib/jsonRpcClient.php:30: warning: Member __construct($uri, $debug=false) (function) of class jsonRPCClient is not documented.
/home/ftechiz/Documents/Neha/factom/factom-php (2)/src/lib/jsonRpcClient.php:43: warning: Member __call($method, $params) (function) of class jsonRPCClient is not documented.
/home/ftechiz/Documents/Neha/factom/factom-php (2)/src/lib/jsonRpcClient.php:119: warning: Member setRPCNotification($notification) (function) of class jsonRPCClient is not documented.
/home/ftechiz/Documents/Neha/factom/factom-php (2)/src/lib/jsonRpcClient.php:7: warning: Member $debug (variable) of class jsonRPCClient is not documented.
/home/ftechiz/Documents/Neha/factom/factom-php (2)/src/Factom/Api/Blocks.php:12: warning: Member ablockByHeight() (function) of class Factom::Api::Blocks is not documented.
/home/ftechiz/Documents/Neha/factom/factom-php (2)/src/Factom/Api/Blocks.php:37: warning: Member ack($hash, $chainid) (function) of class Factom::Api::Blocks is not documented.
/home/ftechiz/Documents/Neha/factom/factom-php (2)/src/Factom/Api/Blocks.php:62: warning: Member adminBlock($keymr) (function) of class Factom::Api::Blocks is not documented.
/home/ftechiz/Documents/Neha/factom/factom-php (2)/src/Factom/Api/Blocks.php:88: warning: Member dblockByHeight($height) (function) of class Factom::Api::Blocks is not documented.
/home/ftechiz/Documents/Neha/factom/factom-php (2)/src/Factom/Api/Blocks.php:114: warning: Member directoryBlock($keymr) (function) of class Factom::Api::Blocks is not documented.
/home/ftechiz/Documents/Neha/factom/factom-php (2)/src/Factom/Api/Blocks.php:141: warning: Member directoryBlockHead() (function) of class Factom::Api::Blocks is not documented.
/home/ftechiz/Documents/Neha/factom/factom-php (2)/src/Factom/Api/Blocks.php:166: warning: Member ecblockByHeight() (function) of class Factom::Api::Blocks is not documented.
/home/ftechiz/Documents/Neha/factom/factom-php (2)/src/Factom/Api/Blocks.php:191: warning: Member entryBlock($keymr) (function) of class Factom::Api::Blocks is not documented.
/home/ftechiz/Documents/Neha/factom/factom-php (2)/src/Factom/Api/Blocks.php:216: warning: Member entryCreditBlock($keymr) (function) of class Factom::Api::Blocks is not documented.
/home/ftechiz/Documents/Neha/factom/factom-php (2)/src/Factom/Api/Blocks.php:241: warning: Member factoidBlock($keymr) (function) of class Factom::Api::Blocks is not documented.
/home/ftechiz/Documents/Neha/factom/factom-php (2)/src/Factom/Api/Blocks.php:266: warning: Member fblockByHeight($height) (function) of class Factom::Api::Blocks is not documented.
/home/ftechiz/Documents/Neha/factom/factom-php (2)/src/Factom/Api/Chains.php:13: warning: Member chainHead($chainid) (function) of class Factom::Api::Chains is not documented.
/home/ftechiz/Documents/Neha/factom/factom-php (2)/src/Factom/Api/Chains.php:39: warning: Member commitChain($message) (function) of class Factom::Api::Chains is not documented.
/home/ftechiz/Documents/Neha/factom/factom-php (2)/src/Factom/Api/Chains.php:65: warning: Member revealChain($entry) (function) of class Factom::Api::Chains is not documented.
/home/ftechiz/Documents/Neha/factom/factom-php (2)/src/Factom/Api/Chains.php:91: warning: Member composeChain($ecpub, $extids) (function) of class Factom::Api::Chains is not documented.
/home/ftechiz/Documents/Neha/factom/factom-php (2)/src/Factom/Api/Chains.php:125: warning: Member sendRawMessage($message) (function) of class Factom::Api::Chains is not documented.
/home/ftechiz/Documents/Neha/factom/factom-php (2)/src/Factom/Api/Commits.php:20: warning: Member commitEntry($message) (function) of class Factom::Api::Commits is not documented.
/home/ftechiz/Documents/Neha/factom/factom-php (2)/src/Factom/Api/Debug.php:20: warning: Member holdingQueue() (function) of class Factom::Api::Debug is not documented.
/home/ftechiz/Documents/Neha/factom/factom-php (2)/src/Factom/Api/Debug.php:46: warning: Member networkInfo() (function) of class Factom::Api::Debug is not documented.
/home/ftechiz/Documents/Neha/factom/factom-php (2)/src/Factom/Api/Debug.php:71: warning: Member predictiveFer() (function) of class Factom::Api::Debug is not documented.
/home/ftechiz/Documents/Neha/factom/factom-php (2)/src/Factom/Api/Debug.php:96: warning: Member auditServers() (function) of class Factom::Api::Debug is not documented.
/home/ftechiz/Documents/Neha/factom/factom-php (2)/src/Factom/Api/Debug.php:122: warning: Member federatedServers() (function) of class Factom::Api::Debug is not documented.
/home/ftechiz/Documents/Neha/factom/factom-php (2)/src/Factom/Api/Debug.php:147: warning: Member configuration() (function) of class Factom::Api::Debug is not documented.
/home/ftechiz/Documents/Neha/factom/factom-php (2)/src/Factom/Api/Debug.php:172: warning: Member processList() (function) of class Factom::Api::Debug is not documented.
/home/ftechiz/Documents/Neha/factom/factom-php (2)/src/Factom/Api/Debug.php:197: warning: Member authorities() (function) of class Factom::Api::Debug is not documented.
/home/ftechiz/Documents/Neha/factom/factom-php (2)/src/Factom/Api/Debug.php:223: warning: Member reloadConfiguration() (function) of class Factom::Api::Debug is not documented.
/home/ftechiz/Documents/Neha/factom/factom-php (2)/src/Factom/Api/Debug.php:248: warning: Member dropRate() (function) of class Factom::Api::Debug is not documented.
/home/ftechiz/Documents/Neha/factom/factom-php (2)/src/Factom/Api/Debug.php:273: warning: Member setDropRate($droprate) (function) of class Factom::Api::Debug is not documented.
/home/ftechiz/Documents/Neha/factom/factom-php (2)/src/Factom/Api/Debug.php:298: warning: Member delay() (function) of class Factom::Api::Debug is not documented.
/home/ftechiz/Documents/Neha/factom/factom-php (2)/src/Factom/Api/Debug.php:323: warning: Member setDelay($delay) (function) of class Factom::Api::Debug is not documented.
/home/ftechiz/Documents/Neha/factom/factom-php (2)/src/Factom/Api/Debug.php:348: warning: Member summary() (function) of class Factom::Api::Debug is not documented.
/home/ftechiz/Documents/Neha/factom/factom-php (2)/src/Factom/Api/Debug.php:373: warning: Member messages() (function) of class Factom::Api::Debug is not documented.
/home/ftechiz/Documents/Neha/factom/factom-php (2)/src/Factom/Api/Entry.php:21: warning: Member entry($hash) (function) of class Factom::Api::Entry is not documented.
/home/ftechiz/Documents/Neha/factom/factom-php (2)/src/Factom/Api/Entry.php:46: warning: Member entryAck($txid) (function) of class Factom::Api::Entry is not documented.
/home/ftechiz/Documents/Neha/factom/factom-php (2)/src/Factom/Api/Entry.php:71: warning: Member entryBlock($keymr) (function) of class Factom::Api::Entry is not documented.
/home/ftechiz/Documents/Neha/factom/factom-php (2)/src/Factom/Api/Entry.php:97: warning: Member entryCreditBalance($address) (function) of class Factom::Api::Entry is not documented.
/home/ftechiz/Documents/Neha/factom/factom-php (2)/src/Factom/Api/Entry.php:122: warning: Member entryCreditBlock($keymr) (function) of class Factom::Api::Entry is not documented.
/home/ftechiz/Documents/Neha/factom/factom-php (2)/src/Factom/Api/Entry.php:148: warning: Member entryCreditRate() (function) of class Factom::Api::Entry is not documented.
/home/ftechiz/Documents/Neha/factom/factom-php (2)/src/Factom/Api/Entry.php:173: warning: Member revealEntry($entry) (function) of class Factom::Api::Entry is not documented.
/home/ftechiz/Documents/Neha/factom/factom-php (2)/src/Factom/Api/Entry.php:198: warning: Member composeEntry($chainId, $ecpub) (function) of class Factom::Api::Entry is not documented.
/home/ftechiz/Documents/Neha/factom/factom-php (2)/src/Factom/Api/Errorhandling.php:9: warning: Member checkError($err, $name) (function) of class Factom::Api::Errorhandling is not documented.
/home/ftechiz/Documents/Neha/factom/factom-php (2)/src/Factom/Api/Factoid.php:21: warning: Member factoidAck($txid) (function) of class Factom::Api::Factoid is not documented.
/home/ftechiz/Documents/Neha/factom/factom-php (2)/src/Factom/Api/Factoid.php:46: warning: Member factoidBalance($address) (function) of class Factom::Api::Factoid is not documented.
/home/ftechiz/Documents/Neha/factom/factom-php (2)/src/Factom/Api/Factoid.php:72: warning: Member factoidBlock($keymr) (function) of class Factom::Api::Factoid is not documented.
/home/ftechiz/Documents/Neha/factom/factom-php (2)/src/Factom/Api/Factoid.php:98: warning: Member factoidSubmit($transaction) (function) of class Factom::Api::Factoid is not documented.
/home/ftechiz/Documents/Neha/factom/factom-php (2)/src/Factom/Api/FactomAddress.php:19: warning: Member address($address) (function) of class Factom::Api::FactomAddress is not documented.
/home/ftechiz/Documents/Neha/factom/factom-php (2)/src/Factom/Api/FactomAddress.php:44: warning: Member allAddresses() (function) of class Factom::Api::FactomAddress is not documented.
/home/ftechiz/Documents/Neha/factom/factom-php (2)/src/Factom/Api/FactomAddress.php:68: warning: Member generateEcAddress() (function) of class Factom::Api::FactomAddress is not documented.
/home/ftechiz/Documents/Neha/factom/factom-php (2)/src/Factom/Api/FactomAddress.php:93: warning: Member generateFactoidAddress() (function) of class Factom::Api::FactomAddress is not documented.
/home/ftechiz/Documents/Neha/factom/factom-php (2)/src/Factom/Api/FactomAddress.php:118: warning: Member importAddresses($secret) (function) of class Factom::Api::FactomAddress is not documented.
/home/ftechiz/Documents/Neha/factom/factom-php (2)/src/Factom/Api/Factomd.php:20: warning: Member heights() (function) of class Factom::Api::Factomd is not documented.
/home/ftechiz/Documents/Neha/factom/factom-php (2)/src/Factom/Api/Factomd.php:48: warning: Member multipleEcBalances($addr1, $addr2) (function) of class Factom::Api::Factomd is not documented.
/home/ftechiz/Documents/Neha/factom/factom-php (2)/src/Factom/Api/Factomd.php:73: warning: Member multipleFctBalances($addr1, $addr2) (function) of class Factom::Api::Factomd is not documented.
/home/ftechiz/Documents/Neha/factom/factom-php (2)/src/Factom/Api/Factomd.php:98: warning: Member properties() (function) of class Factom::Api::Factomd is not documented.
/home/ftechiz/Documents/Neha/factom/factom-php (2)/src/Factom/Api/Factomd.php:123: warning: Member rawData($hash) (function) of class Factom::Api::Factomd is not documented.
/home/ftechiz/Documents/Neha/factom/factom-php (2)/src/Factom/Api/Factomd.php:149: warning: Member receipt($hash) (function) of class Factom::Api::Factomd is not documented.
/home/ftechiz/Documents/Neha/factom/factom-php (2)/src/Factom/Api/Factomd.php:174: warning: Member anchors($hash) (function) of class Factom::Api::Factomd is not documented.
/home/ftechiz/Documents/Neha/factom/factom-php (2)/src/Factom/Api/Factomd.php:201: warning: Member diagnostics() (function) of class Factom::Api::Factomd is not documented.
/home/ftechiz/Documents/Neha/factom/factom-php (2)/src/Factom/Api/FactomWalletd.php:23: warning: Member getHeight() (function) of class Factom::Api::FactomWalletd is not documented.
/home/ftechiz/Documents/Neha/factom/factom-php (2)/src/Factom/Api/FactomWalletd.php:48: warning: Member importKoinify($words) (function) of class Factom::Api::FactomWalletd is not documented.
/home/ftechiz/Documents/Neha/factom/factom-php (2)/src/Factom/Api/FactomWalletd.php:73: warning: Member properties() (function) of class Factom::Api::FactomWalletd is not documented.
/home/ftechiz/Documents/Neha/factom/factom-php (2)/src/Factom/Api/FactomWalletd.php:98: warning: Member walletBackup() (function) of class Factom::Api::FactomWalletd is not documented.
/home/ftechiz/Documents/Neha/factom/factom-php (2)/src/Factom/Api/FactomWalletd.php:125: warning: Member walletBalances() (function) of class Factom::Api::FactomWalletd is not documented.
/home/ftechiz/Documents/Neha/factom/factom-php (2)/src/Factom/Api/FactomWalletd.php:151: warning: Member errors() (function) of class Factom::Api::FactomWalletd is not documented.
/home/ftechiz/Documents/Neha/factom/factom-php (2)/src/Factom/Api/FactomWalletd.php:199: warning: Member activeIdentityKeys($chainid, $height) (function) of class Factom::Api::FactomWalletd is not documented.
/home/ftechiz/Documents/Neha/factom/factom-php (2)/src/Factom/Api/FactomWalletd.php:224: warning: Member allIdentityKeys() (function) of class Factom::Api::FactomWalletd is not documented.
/home/ftechiz/Documents/Neha/factom/factom-php (2)/src/Factom/Api/FactomWalletd.php:249: warning: Member composeIdentityAttribute($receiverchainid, $destinationchainid, $attributes, $signerkey, $signerchainid, $ecpub, $force) (function) of class Factom::Api::FactomWalletd is not documented.
/home/ftechiz/Documents/Neha/factom/factom-php (2)/src/Factom/Api/FactomWalletd.php:274: warning: Member composeIdentityAttributeEndorsement($destinationchainid, $entryhash, $signerkey, $signerchainid, $ecpub, $force) (function) of class Factom::Api::FactomWalletd is not documented.
/home/ftechiz/Documents/Neha/factom/factom-php (2)/src/Factom/Api/FactomWalletd.php:299: warning: Member composeIdentityKeyReplacement($chainid, $oldkey, $newkey, $signerkey, $ecpub, $force) (function) of class Factom::Api::FactomWalletd is not documented.
/home/ftechiz/Documents/Neha/factom/factom-php (2)/src/Factom/Api/FactomWalletd.php:324: warning: Member importIdentityKeys($secretone, $secrettwo) (function) of class Factom::Api::FactomWalletd is not documented.
/home/ftechiz/Documents/Neha/factom/factom-php (2)/src/Factom/Api/FactomWalletd.php:350: warning: Member removeAddress($address) (function) of class Factom::Api::FactomWalletd is not documented.
/home/ftechiz/Documents/Neha/factom/factom-php (2)/src/Factom/Api/FactomWalletd.php:375: warning: Member removeIdentityKey($public) (function) of class Factom::Api::FactomWalletd is not documented.
/home/ftechiz/Documents/Neha/factom/factom-php (2)/src/Factom/Api/FactomWalletd.php:400: warning: Member signData($signer) (function) of class Factom::Api::FactomWalletd is not documented.
/home/ftechiz/Documents/Neha/factom/factom-php (2)/src/Factom/Api/FactomWalletd.php:425: warning: Member unlockWallet($passphrase, $timeout) (function) of class Factom::Api::FactomWalletd is not documented.
/home/ftechiz/Documents/Neha/factom/factom-php (2)/src/Factom/Api/Minute.php:20: warning: Member currentMinute() (function) of class Factom::Api::Minute is not documented.
/home/ftechiz/Documents/Neha/factom/factom-php (2)/src/Factom/Api/Pending.php:20: warning: Member pendingEntries() (function) of class Factom::Api::Pending is not documented.
/home/ftechiz/Documents/Neha/factom/factom-php (2)/src/Factom/Api/Pending.php:45: warning: Member pendingTransactions($address) (function) of class Factom::Api::Pending is not documented.
/home/ftechiz/Documents/Neha/factom/factom-php (2)/src/Factom/Api/Security.php:21: warning: Member securityEncryptedConnections() (function) of class Factom::Api::Security is not documented.
/home/ftechiz/Documents/Neha/factom/factom-php (2)/src/Factom/Api/Security.php:46: warning: Member securityPasswordProtection() (function) of class Factom::Api::Security is not documented.
/home/ftechiz/Documents/Neha/factom/factom-php (2)/src/Factom/Api/Security.php:72: warning: Member security‌CombinedPasswordAndEncryption() (function) of class Factom::Api::Security is not documented.
/home/ftechiz/Documents/Neha/factom/factom-php (2)/src/Factom/Api/Transaction.php:22: warning: Member transaction($hash) (function) of class Factom::Api::Transaction is not documented.
/home/ftechiz/Documents/Neha/factom/factom-php (2)/src/Factom/Api/Transaction.php:47: warning: Member addEcOutput($txname, $address, $amount) (function) of class Factom::Api::Transaction is not documented.
/home/ftechiz/Documents/Neha/factom/factom-php (2)/src/Factom/Api/Transaction.php:74: warning: Member addFee($txname, $address) (function) of class Factom::Api::Transaction is not documented.
/home/ftechiz/Documents/Neha/factom/factom-php (2)/src/Factom/Api/Transaction.php:99: warning: Member addInput($txname, $address, $amount) (function) of class Factom::Api::Transaction is not documented.
/home/ftechiz/Documents/Neha/factom/factom-php (2)/src/Factom/Api/Transaction.php:124: warning: Member addOutput($txname, $address, $amount) (function) of class Factom::Api::Transaction is not documented.
/home/ftechiz/Documents/Neha/factom/factom-php (2)/src/Factom/Api/Transaction.php:150: warning: Member composeTransaction($txname) (function) of class Factom::Api::Transaction is not documented.
/home/ftechiz/Documents/Neha/factom/factom-php (2)/src/Factom/Api/Transaction.php:175: warning: Member deleteTransaction($txname) (function) of class Factom::Api::Transaction is not documented.
/home/ftechiz/Documents/Neha/factom/factom-php (2)/src/Factom/Api/Transaction.php:202: warning: Member newTransaction($txname) (function) of class Factom::Api::Transaction is not documented.
/home/ftechiz/Documents/Neha/factom/factom-php (2)/src/Factom/Api/Transaction.php:228: warning: Member signTransaction($txname) (function) of class Factom::Api::Transaction is not documented.
/home/ftechiz/Documents/Neha/factom/factom-php (2)/src/Factom/Api/Transaction.php:254: warning: Member subFee($txname, $address) (function) of class Factom::Api::Transaction is not documented.
/home/ftechiz/Documents/Neha/factom/factom-php (2)/src/Factom/Api/Transaction.php:281: warning: Member tmpTransactions() (function) of class Factom::Api::Transaction is not documented.
/home/ftechiz/Documents/Neha/factom/factom-php (2)/src/Factom/Api/Transaction.php:307: warning: Member transactionsRetrieving($start, $end) (function) of class Factom::Api::Transaction is not documented.
/home/ftechiz/Documents/Neha/factom/factom-php (2)/src/Factom/Api/Transaction.php:335: warning: Member transactionsRetrievingByTxid($txid) (function) of class Factom::Api::Transaction is not documented.
/home/ftechiz/Documents/Neha/factom/factom-php (2)/src/Factom/Api/Transaction.php:361: warning: Member transactionsRetrievingByAddress($address) (function) of class Factom::Api::Transaction is not documented.
/home/ftechiz/Documents/Neha/factom/factom-php (2)/src/Factom/Api/Transaction.php:387: warning: Member AllTransactions() (function) of class Factom::Api::Transaction is not documented.
/home/ftechiz/Documents/Neha/factom/factom-php (2)/src/Factom/Api/Transaction.php:413: warning: Member sendTransaction($data) (function) of class Factom::Api::Transaction is not documented.
error: Problems running dot: exit code=127, command='dot', arguments='"/home/ftechiz/Documents/Neha/factom/factom-php (2)/html/graph_legend.dot" -Tpng -o "/home/ftechiz/Documents/Neha/factom/factom-php (2)/html/graph_legend.png"'
